2025-08-15 21:10:26,240 [INFO] Step-1: Folder created: uploads/754cdff6-4187-4fd5-b9d1-98095b7babc0
2025-08-15 21:10:26,250 [INFO] Step-2: File sent {'questions (2).txt': 'uploads/754cdff6-4187-4fd5-b9d1-98095b7babc0/questions (2).txt', 'sample-sales (1).csv': 'uploads/754cdff6-4187-4fd5-b9d1-98095b7babc0/sample-sales (1).csv'}
2025-08-15 21:10:26,250 [INFO] Step-3: Getting scrap code and metadata from llm. Tries count = 0
2025-08-15 21:10:34,751 [INFO] Step-3: Response from scrapping: sales tax if the tax rate is 10%?', 'Plot cumulative sales over time as a line chart with a red line. Encode as base64 PNG.']}
2025-08-15 21:10:35,209 [INFO] Step-4: Execution result of the scrape code: "/Users/pranavchanga/TDS_project2/task_engine.py", line 22, in execute_code exec(code, exec_globals) ~~~~^^^^^^^^^^^^^^^^^^^^ File "<string>", line 20 metadata_content.append('--- DataFrame Info --- ^ SyntaxError: unterminated string literal (detected at line 20)
2025-08-15 21:10:35,209 [ERROR] Step-4: Error occured while scrapping. Tries count = 0
2025-08-15 21:10:54,695 [INFO] Step-3: Response from scrapping: sales tax if the tax rate is 10%?', 'Plot cumulative sales over time as a line chart with a red line. Encode as base64 PNG.']}
2025-08-15 21:10:55,094 [INFO] Step-4: Execution result of the scrape code: ^ File "/Users/pranavchanga/TDS_project2/venv/lib/python3.13/site-packages/pandas/io/common.py", line 873, in get_handle handle = open( handle, ...<3 lines>... newline="", ) FileNotFoundError: [Errno 2] No such file or directory: 'uploads/754cdff6-4187-4fd5-b9b1-98095b7babc0/sample-sales (1).csv'
2025-08-15 21:10:55,095 [ERROR] Step-4: Error occured while scrapping. Tries count = 1
2025-08-15 21:11:02,808 [INFO] Step-3: Response from scrapping: sales tax if the tax rate is 10%?', 'Plot cumulative sales over time as a line chart with a red line. Encode as base64 PNG.']}
2025-08-15 21:11:03,261 [INFO] Step-4: Execution result of the scrape code: âœ… Code executed successfully after installing libraries.
2025-08-15 21:11:03,261 [INFO] Step-5: Getting execution code from llm. Tries count = 0
2025-08-15 21:11:16,680 [INFO] Step-5: Response from llm: "total_sales": total_sales, "top_region": top_region, "day_sales_correlation": day_sales_correlation, "bar_chart": bar_chart_base64, "median_sales": median_sales, "total_sales_tax": total_sales_tax, "cumulative_sales_chart": cumulative_sales_chart_base64 } output_path = "uploads/754cdff6-4187-4fd5-b9d1-98095b7babc0/result.json" with open(output_path, 'w') as f: json.dump(result, f)
2025-08-15 21:11:16,682 [INFO] Step-6: Executing final code. Tries count = 0
2025-08-15 21:11:17,625 [INFO] Step-6: Executing final code result: File "/opt/homebrew/Cellar/python@3.13/3.13.3_1/Frameworks/Python.framework/Versions/3.13/lib/python3.13/json/encoder.py", line 180, in default raise TypeError(f'Object of type {o.__class__.__name__} ' f'is not JSON serializable') TypeError: Object of type int64 is not JSON serializable
2025-08-15 21:11:17,625 [ERROR] Step-6: Error occured while executing code. Tries count = 2
2025-08-15 21:11:17,625 [INFO] Step-5: Getting execution code from llm. Tries count = 1
2025-08-15 21:11:31,234 [INFO] Step-5: Response from llm: float(median_sales), "total_sales_tax": float(total_sales_tax), "cumulative_sales_chart": cumulative_sales_chart_base64 } # Save the result to a JSON file output_path = "uploads/754cdff6-4187-4fd5-b9d1-98095b7babc0/result.json" with open(output_path, 'w') as f: json.dump(result, f, indent=2)
2025-08-15 21:11:34,964 [INFO] Step-6: Executing final code result: in run_python_code execute_code() ~~~~~~~~~~~~^^ File "/Users/pranavchanga/TDS_project2/task_engine.py", line 22, in execute_code exec(code, exec_globals) ~~~~^^^^^^^^^^^^^^^^^^^^ File "<string>", line 10, in <module> NameError: name 'df' is not defined
2025-08-15 21:11:34,964 [ERROR] Step-6: Error occured while executing code. Tries count = 3
2025-08-15 21:11:34,964 [INFO] Step-5: Getting execution code from llm. Tries count = 1
2025-08-15 21:11:47,998 [INFO] Step-5: Response from llm: median_sales, "total_sales_tax": total_sales_tax, "cumulative_sales_chart": cumulative_sales_chart_base64 } # Save the result to a JSON file output_path = "uploads/754cdff6-4187-4fd5-b9d1-98095b7babc0/result.json" with open(output_path, 'w') as f: json.dump(result, f, indent=2)
2025-08-15 21:11:48,813 [INFO] Step-6: Executing final code result: File "/opt/homebrew/Cellar/python@3.13/3.13.3_1/Frameworks/Python.framework/Versions/3.13/lib/python3.13/json/encoder.py", line 180, in default raise TypeError(f'Object of type {o.__class__.__name__} ' f'is not JSON serializable') TypeError: Object of type int64 is not JSON serializable
2025-08-15 21:11:48,813 [ERROR] Step-6: Error occured while executing code. Tries count = 4
2025-08-15 21:11:48,813 [INFO] Step-5: Getting execution code from llm. Tries count = 1
2025-08-15 21:12:08,273 [INFO] Step-5: Response from llm: "total_sales_tax": float(total_sales_tax), "cumulative_sales_chart": cumulative_sales_chart_base64 } # Save the results to the specified JSON file output_path = "uploads/754cdff6-4187-4fd5-b9d1-98095b7babc0/result.json" with open(output_path, 'w') as f: json.dump(results, f, indent=2)
2025-08-15 21:12:08,978 [INFO] Step-6: Executing final code result: in run_python_code execute_code() ~~~~~~~~~~~~^^ File "/Users/pranavchanga/TDS_project2/task_engine.py", line 22, in execute_code exec(code, exec_globals) ~~~~^^^^^^^^^^^^^^^^^^^^ File "<string>", line 8, in <module> NameError: name 'df' is not defined
