2025-08-12 15:35:04,601 [INFO] Step-1: Folder created: uploads/4b8b4644-348f-47d4-ae40-6550fe490690
2025-08-12 15:35:04,604 [INFO] Step-2: File sent {'questions.txt': 'uploads/4b8b4644-348f-47d4-ae40-6550fe490690/questions.txt'}
2025-08-12 15:35:04,604 [INFO] Step-3: Getting scrap code and metadata from llm. Tries count = 0
2025-08-12 15:35:26,045 [INFO] Step-3: Response from scrapping: bn?', "What's the correlation between the Rank and Peak?", 'Draw a scatterplot of Rank and Peak along with a dotted red regression line through it.']}
2025-08-12 15:35:27,090 [INFO] Step-4: Execution result of the scrape code: "/Users/pranavchanga/TDS_project2/task_engine.py", line 22, in execute_code exec(code, exec_globals) ~~~~^^^^^^^^^^^^^^^^^^^^ File "<string>", line 61 f.write("["string", "string", "string", "data:image/png;base64,..."]\n") ^^^^^^^^^ SyntaxError: invalid syntax. Perhaps you forgot a comma?
2025-08-12 15:35:27,090 [ERROR] Step-4: Error occured while scrapping. Tries count = 0
2025-08-12 15:35:37,777 [INFO] Step-3: Response from scrapping: scatterplot of Rank and Peak along with a dotted red regression line through it. Return as a base-64 encoded data URI, "data:image/png;base64,iVBORw0K..." under 100,000 bytes.']}
2025-08-12 15:35:43,674 [INFO] Step-4: Execution result of the scrape code: run_python_code execute_code() ~~~~~~~~~~~~^^ File "/Users/pranavchanga/TDS_project2/task_engine.py", line 22, in execute_code exec(code, exec_globals) ~~~~^^^^^^^^^^^^^^^^^^^^ File "<string>", line 16, in <module> AttributeError: 'NoneType' object has no attribute 'find_all'
2025-08-12 15:35:43,674 [ERROR] Step-4: Error occured while scrapping. Tries count = 1
2025-08-12 15:35:53,406 [INFO] Step-3: Response from scrapping: scatterplot of Rank and Peak along with a dotted red regression line through it. Return as a base-64 encoded data URI, "data:image/png;base64,iVBORw0K..." under 100,000 bytes.']}
2025-08-12 15:35:54,317 [INFO] Step-4: Execution result of the scrape code: execute_code() ~~~~~~~~~~~~^^ File "/Users/pranavchanga/TDS_project2/task_engine.py", line 22, in execute_code exec(code, exec_globals) ~~~~^^^^^^^^^^^^^^^^^^^^ File "<string>", line 82 metadata_content.append("[ ^ SyntaxError: unterminated string literal (detected at line 82)
2025-08-12 15:35:54,317 [ERROR] Step-4: Error occured while scrapping. Tries count = 2
2025-08-12 15:36:13,689 [INFO] Step-3: Response from scrapping: bn?', "What's the correlation between the Rank and Peak?", 'Draw a scatterplot of Rank and Peak along with a dotted red regression line through it.']}
2025-08-12 15:36:15,706 [INFO] Step-4: Execution result of the scrape code: ✅ Code executed successfully after installing libraries.
2025-08-12 15:36:15,706 [INFO] Step-5: Getting execution code from llm. Tries count = 0
2025-08-12 15:36:38,033 [INFO] Step-5: Response from llm: output results = [ str(q1_result), q2_result, q3_result, q4_result ] # Save results to JSON file output_file_path = "uploads/4b8b4644-348f-47d4-ae40-6550fe490690/result.json" with open(output_file_path, 'w') as f: json.dump(results, f)
2025-08-12 15:36:38,035 [INFO] Step-6: Executing final code. Tries count = 0
2025-08-12 15:37:04,672 [INFO] Step-6: Executing final code result: ✅ Code executed successfully after installing libraries.
2025-08-12 15:37:04,673 [INFO] Step-7: send result back
